2026-03-20 12:50:11 [ERROR]: Error in GET /api/auth/influencers Not Found: /api/auth/influencers?limit=10 {"service":"phyo-api","statusCode":500,"url":"/api/auth/influencers?limit=10","method":"GET","ip":"::1","userId":"anonymous","body":{},"query":{"limit":"10"}}
Error: Not Found: /api/auth/influencers?limit=10
    at notFoundHandler (C:\full stack phyo\phyo_server\middleware\errorHandler.js:47:17)
    at Layer.handle [as handle_request] (C:\full stack phyo\phyo_server\node_modules\express\lib\router\layer.js:95:5)
    at trim_prefix (C:\full stack phyo\phyo_server\node_modules\express\lib\router\index.js:328:13)
    at C:\full stack phyo\phyo_server\node_modules\express\lib\router\index.js:286:9
    at Function.process_params (C:\full stack phyo\phyo_server\node_modules\express\lib\router\index.js:346:12)
    at next (C:\full stack phyo\phyo_server\node_modules\express\lib\router\index.js:280:10)
    at C:\full stack phyo\phyo_server\node_modules\express\lib\router\index.js:646:15
    at next (C:\full stack phyo\phyo_server\node_modules\express\lib\router\index.js:265:14)
    at Function.handle (C:\full stack phyo\phyo_server\node_modules\express\lib\router\index.js:175:3)
    at router (C:\full stack phyo\phyo_server\node_modules\express\lib\router\index.js:47:12)
2026-03-20 12:50:12 [ERROR]: Error in GET /api/auth/influencers Not Found: /api/auth/influencers?limit=10 {"service":"phyo-api","statusCode":500,"url":"/api/auth/influencers?limit=10","method":"GET","ip":"::1","userId":"anonymous","body":{},"query":{"limit":"10"}}
Error: Not Found: /api/auth/influencers?limit=10
    at notFoundHandler (C:\full stack phyo\phyo_server\middleware\errorHandler.js:47:17)
    at Layer.handle [as handle_request] (C:\full stack phyo\phyo_server\node_modules\express\lib\router\layer.js:95:5)
    at trim_prefix (C:\full stack phyo\phyo_server\node_modules\express\lib\router\index.js:328:13)
    at C:\full stack phyo\phyo_server\node_modules\express\lib\router\index.js:286:9
    at Function.process_params (C:\full stack phyo\phyo_server\node_modules\express\lib\router\index.js:346:12)
    at next (C:\full stack phyo\phyo_server\node_modules\express\lib\router\index.js:280:10)
    at C:\full stack phyo\phyo_server\node_modules\express\lib\router\index.js:646:15
    at next (C:\full stack phyo\phyo_server\node_modules\express\lib\router\index.js:265:14)
    at Function.handle (C:\full stack phyo\phyo_server\node_modules\express\lib\router\index.js:175:3)
    at router (C:\full stack phyo\phyo_server\node_modules\express\lib\router\index.js:47:12)
2026-03-20 12:50:12 [ERROR]: Error in GET /api/auth/influencers Not Found: /api/auth/influencers?limit=10 {"service":"phyo-api","statusCode":500,"url":"/api/auth/influencers?limit=10","method":"GET","ip":"::1","userId":"anonymous","body":{},"query":{"limit":"10"}}
Error: Not Found: /api/auth/influencers?limit=10
    at notFoundHandler (C:\full stack phyo\phyo_server\middleware\errorHandler.js:47:17)
    at Layer.handle [as handle_request] (C:\full stack phyo\phyo_server\node_modules\express\lib\router\layer.js:95:5)
    at trim_prefix (C:\full stack phyo\phyo_server\node_modules\express\lib\router\index.js:328:13)
    at C:\full stack phyo\phyo_server\node_modules\express\lib\router\index.js:286:9
    at Function.process_params (C:\full stack phyo\phyo_server\node_modules\express\lib\router\index.js:346:12)
    at next (C:\full stack phyo\phyo_server\node_modules\express\lib\router\index.js:280:10)
    at C:\full stack phyo\phyo_server\node_modules\express\lib\router\index.js:646:15
    at next (C:\full stack phyo\phyo_server\node_modules\express\lib\router\index.js:265:14)
    at Function.handle (C:\full stack phyo\phyo_server\node_modules\express\lib\router\index.js:175:3)
    at router (C:\full stack phyo\phyo_server\node_modules\express\lib\router\index.js:47:12)
2026-03-20 12:50:12 [ERROR]: Error in GET /api/auth/influencers Not Found: /api/auth/influencers?limit=10 {"service":"phyo-api","statusCode":500,"url":"/api/auth/influencers?limit=10","method":"GET","ip":"::1","userId":"anonymous","body":{},"query":{"limit":"10"}}
Error: Not Found: /api/auth/influencers?limit=10
    at notFoundHandler (C:\full stack phyo\phyo_server\middleware\errorHandler.js:47:17)
    at Layer.handle [as handle_request] (C:\full stack phyo\phyo_server\node_modules\express\lib\router\layer.js:95:5)
    at trim_prefix (C:\full stack phyo\phyo_server\node_modules\express\lib\router\index.js:328:13)
    at C:\full stack phyo\phyo_server\node_modules\express\lib\router\index.js:286:9
    at Function.process_params (C:\full stack phyo\phyo_server\node_modules\express\lib\router\index.js:346:12)
    at next (C:\full stack phyo\phyo_server\node_modules\express\lib\router\index.js:280:10)
    at C:\full stack phyo\phyo_server\node_modules\express\lib\router\index.js:646:15
    at next (C:\full stack phyo\phyo_server\node_modules\express\lib\router\index.js:265:14)
    at Function.handle (C:\full stack phyo\phyo_server\node_modules\express\lib\router\index.js:175:3)
    at router (C:\full stack phyo\phyo_server\node_modules\express\lib\router\index.js:47:12)
2026-03-20 12:50:12 [ERROR]: Error in GET /api/auth/influencers Not Found: /api/auth/influencers?limit=10 {"service":"phyo-api","statusCode":500,"url":"/api/auth/influencers?limit=10","method":"GET","ip":"::1","userId":"anonymous","body":{},"query":{"limit":"10"}}
Error: Not Found: /api/auth/influencers?limit=10
    at notFoundHandler (C:\full stack phyo\phyo_server\middleware\errorHandler.js:47:17)
    at Layer.handle [as handle_request] (C:\full stack phyo\phyo_server\node_modules\express\lib\router\layer.js:95:5)
    at trim_prefix (C:\full stack phyo\phyo_server\node_modules\express\lib\router\index.js:328:13)
    at C:\full stack phyo\phyo_server\node_modules\express\lib\router\index.js:286:9
    at Function.process_params (C:\full stack phyo\phyo_server\node_modules\express\lib\router\index.js:346:12)
    at next (C:\full stack phyo\phyo_server\node_modules\express\lib\router\index.js:280:10)
    at C:\full stack phyo\phyo_server\node_modules\express\lib\router\index.js:646:15
    at next (C:\full stack phyo\phyo_server\node_modules\express\lib\router\index.js:265:14)
    at Function.handle (C:\full stack phyo\phyo_server\node_modules\express\lib\router\index.js:175:3)
    at router (C:\full stack phyo\phyo_server\node_modules\express\lib\router\index.js:47:12)
2026-03-20 12:50:12 [ERROR]: Error in GET /api/auth/influencers Not Found: /api/auth/influencers?limit=10 {"service":"phyo-api","statusCode":500,"url":"/api/auth/influencers?limit=10","method":"GET","ip":"::1","userId":"anonymous","body":{},"query":{"limit":"10"}}
Error: Not Found: /api/auth/influencers?limit=10
    at notFoundHandler (C:\full stack phyo\phyo_server\middleware\errorHandler.js:47:17)
    at Layer.handle [as handle_request] (C:\full stack phyo\phyo_server\node_modules\express\lib\router\layer.js:95:5)
    at trim_prefix (C:\full stack phyo\phyo_server\node_modules\express\lib\router\index.js:328:13)
    at C:\full stack phyo\phyo_server\node_modules\express\lib\router\index.js:286:9
    at Function.process_params (C:\full stack phyo\phyo_server\node_modules\express\lib\router\index.js:346:12)
    at next (C:\full stack phyo\phyo_server\node_modules\express\lib\router\index.js:280:10)
    at C:\full stack phyo\phyo_server\node_modules\express\lib\router\index.js:646:15
    at next (C:\full stack phyo\phyo_server\node_modules\express\lib\router\index.js:265:14)
    at Function.handle (C:\full stack phyo\phyo_server\node_modules\express\lib\router\index.js:175:3)
    at router (C:\full stack phyo\phyo_server\node_modules\express\lib\router\index.js:47:12)
2026-03-20 12:50:12 [ERROR]: Error in GET /api/auth/influencers Not Found: /api/auth/influencers?limit=10 {"service":"phyo-api","statusCode":500,"url":"/api/auth/influencers?limit=10","method":"GET","ip":"::1","userId":"anonymous","body":{},"query":{"limit":"10"}}
Error: Not Found: /api/auth/influencers?limit=10
    at notFoundHandler (C:\full stack phyo\phyo_server\middleware\errorHandler.js:47:17)
    at Layer.handle [as handle_request] (C:\full stack phyo\phyo_server\node_modules\express\lib\router\layer.js:95:5)
    at trim_prefix (C:\full stack phyo\phyo_server\node_modules\express\lib\router\index.js:328:13)
    at C:\full stack phyo\phyo_server\node_modules\express\lib\router\index.js:286:9
    at Function.process_params (C:\full stack phyo\phyo_server\node_modules\express\lib\router\index.js:346:12)
    at next (C:\full stack phyo\phyo_server\node_modules\express\lib\router\index.js:280:10)
    at C:\full stack phyo\phyo_server\node_modules\express\lib\router\index.js:646:15
    at next (C:\full stack phyo\phyo_server\node_modules\express\lib\router\index.js:265:14)
    at Function.handle (C:\full stack phyo\phyo_server\node_modules\express\lib\router\index.js:175:3)
    at router (C:\full stack phyo\phyo_server\node_modules\express\lib\router\index.js:47:12)
2026-03-20 12:50:12 [ERROR]: Error in GET /api/auth/influencers Not Found: /api/auth/influencers?limit=10 {"service":"phyo-api","statusCode":500,"url":"/api/auth/influencers?limit=10","method":"GET","ip":"::1","userId":"anonymous","body":{},"query":{"limit":"10"}}
Error: Not Found: /api/auth/influencers?limit=10
    at notFoundHandler (C:\full stack phyo\phyo_server\middleware\errorHandler.js:47:17)
    at Layer.handle [as handle_request] (C:\full stack phyo\phyo_server\node_modules\express\lib\router\layer.js:95:5)
    at trim_prefix (C:\full stack phyo\phyo_server\node_modules\express\lib\router\index.js:328:13)
    at C:\full stack phyo\phyo_server\node_modules\express\lib\router\index.js:286:9
    at Function.process_params (C:\full stack phyo\phyo_server\node_modules\express\lib\router\index.js:346:12)
    at next (C:\full stack phyo\phyo_server\node_modules\express\lib\router\index.js:280:10)
    at C:\full stack phyo\phyo_server\node_modules\express\lib\router\index.js:646:15
    at next (C:\full stack phyo\phyo_server\node_modules\express\lib\router\index.js:265:14)
    at Function.handle (C:\full stack phyo\phyo_server\node_modules\express\lib\router\index.js:175:3)
    at router (C:\full stack phyo\phyo_server\node_modules\express\lib\router\index.js:47:12)
2026-03-20 12:50:12 [ERROR]: Error in GET /api/auth/influencers Not Found: /api/auth/influencers?limit=10 {"service":"phyo-api","statusCode":500,"url":"/api/auth/influencers?limit=10","method":"GET","ip":"::1","userId":"anonymous","body":{},"query":{"limit":"10"}}
Error: Not Found: /api/auth/influencers?limit=10
    at notFoundHandler (C:\full stack phyo\phyo_server\middleware\errorHandler.js:47:17)
    at Layer.handle [as handle_request] (C:\full stack phyo\phyo_server\node_modules\express\lib\router\layer.js:95:5)
    at trim_prefix (C:\full stack phyo\phyo_server\node_modules\express\lib\router\index.js:328:13)
    at C:\full stack phyo\phyo_server\node_modules\express\lib\router\index.js:286:9
    at Function.process_params (C:\full stack phyo\phyo_server\node_modules\express\lib\router\index.js:346:12)
    at next (C:\full stack phyo\phyo_server\node_modules\express\lib\router\index.js:280:10)
    at C:\full stack phyo\phyo_server\node_modules\express\lib\router\index.js:646:15
    at next (C:\full stack phyo\phyo_server\node_modules\express\lib\router\index.js:265:14)
    at Function.handle (C:\full stack phyo\phyo_server\node_modules\express\lib\router\index.js:175:3)
    at router (C:\full stack phyo\phyo_server\node_modules\express\lib\router\index.js:47:12)
2026-03-20 12:52:15 [ERROR]: Error in GET /api/auth/influencers Not Found: /api/auth/influencers?limit=10 {"service":"phyo-api","statusCode":500,"url":"/api/auth/influencers?limit=10","method":"GET","ip":"::1","userId":"anonymous","body":{},"query":{"limit":"10"}}
Error: Not Found: /api/auth/influencers?limit=10
    at notFoundHandler (C:\full stack phyo\phyo_server\middleware\errorHandler.js:47:17)
    at Layer.handle [as handle_request] (C:\full stack phyo\phyo_server\node_modules\express\lib\router\layer.js:95:5)
    at trim_prefix (C:\full stack phyo\phyo_server\node_modules\express\lib\router\index.js:328:13)
    at C:\full stack phyo\phyo_server\node_modules\express\lib\router\index.js:286:9
    at Function.process_params (C:\full stack phyo\phyo_server\node_modules\express\lib\router\index.js:346:12)
    at next (C:\full stack phyo\phyo_server\node_modules\express\lib\router\index.js:280:10)
    at C:\full stack phyo\phyo_server\node_modules\express\lib\router\index.js:646:15
    at next (C:\full stack phyo\phyo_server\node_modules\express\lib\router\index.js:265:14)
    at Function.handle (C:\full stack phyo\phyo_server\node_modules\express\lib\router\index.js:175:3)
    at router (C:\full stack phyo\phyo_server\node_modules\express\lib\router\index.js:47:12)
2026-03-20 12:52:15 [ERROR]: Error in GET /api/auth/influencers Not Found: /api/auth/influencers?limit=10 {"service":"phyo-api","statusCode":500,"url":"/api/auth/influencers?limit=10","method":"GET","ip":"::1","userId":"anonymous","body":{},"query":{"limit":"10"}}
Error: Not Found: /api/auth/influencers?limit=10
    at notFoundHandler (C:\full stack phyo\phyo_server\middleware\errorHandler.js:47:17)
    at Layer.handle [as handle_request] (C:\full stack phyo\phyo_server\node_modules\express\lib\router\layer.js:95:5)
    at trim_prefix (C:\full stack phyo\phyo_server\node_modules\express\lib\router\index.js:328:13)
    at C:\full stack phyo\phyo_server\node_modules\express\lib\router\index.js:286:9
    at Function.process_params (C:\full stack phyo\phyo_server\node_modules\express\lib\router\index.js:346:12)
    at next (C:\full stack phyo\phyo_server\node_modules\express\lib\router\index.js:280:10)
    at C:\full stack phyo\phyo_server\node_modules\express\lib\router\index.js:646:15
    at next (C:\full stack phyo\phyo_server\node_modules\express\lib\router\index.js:265:14)
    at Function.handle (C:\full stack phyo\phyo_server\node_modules\express\lib\router\index.js:175:3)
    at router (C:\full stack phyo\phyo_server\node_modules\express\lib\router\index.js:47:12)
2026-03-20 12:52:15 [ERROR]: Error in GET /api/auth/influencers Not Found: /api/auth/influencers?limit=10 {"service":"phyo-api","statusCode":500,"url":"/api/auth/influencers?limit=10","method":"GET","ip":"::1","userId":"anonymous","body":{},"query":{"limit":"10"}}
Error: Not Found: /api/auth/influencers?limit=10
    at notFoundHandler (C:\full stack phyo\phyo_server\middleware\errorHandler.js:47:17)
    at Layer.handle [as handle_request] (C:\full stack phyo\phyo_server\node_modules\express\lib\router\layer.js:95:5)
    at trim_prefix (C:\full stack phyo\phyo_server\node_modules\express\lib\router\index.js:328:13)
    at C:\full stack phyo\phyo_server\node_modules\express\lib\router\index.js:286:9
    at Function.process_params (C:\full stack phyo\phyo_server\node_modules\express\lib\router\index.js:346:12)
    at next (C:\full stack phyo\phyo_server\node_modules\express\lib\router\index.js:280:10)
    at C:\full stack phyo\phyo_server\node_modules\express\lib\router\index.js:646:15
    at next (C:\full stack phyo\phyo_server\node_modules\express\lib\router\index.js:265:14)
    at Function.handle (C:\full stack phyo\phyo_server\node_modules\express\lib\router\index.js:175:3)
    at router (C:\full stack phyo\phyo_server\node_modules\express\lib\router\index.js:47:12)
2026-03-20 12:52:15 [ERROR]: Error in GET /api/auth/influencers Not Found: /api/auth/influencers?limit=10 {"service":"phyo-api","statusCode":500,"url":"/api/auth/influencers?limit=10","method":"GET","ip":"::1","userId":"anonymous","body":{},"query":{"limit":"10"}}
Error: Not Found: /api/auth/influencers?limit=10
    at notFoundHandler (C:\full stack phyo\phyo_server\middleware\errorHandler.js:47:17)
    at Layer.handle [as handle_request] (C:\full stack phyo\phyo_server\node_modules\express\lib\router\layer.js:95:5)
    at trim_prefix (C:\full stack phyo\phyo_server\node_modules\express\lib\router\index.js:328:13)
    at C:\full stack phyo\phyo_server\node_modules\express\lib\router\index.js:286:9
    at Function.process_params (C:\full stack phyo\phyo_server\node_modules\express\lib\router\index.js:346:12)
    at next (C:\full stack phyo\phyo_server\node_modules\express\lib\router\index.js:280:10)
    at C:\full stack phyo\phyo_server\node_modules\express\lib\router\index.js:646:15
    at next (C:\full stack phyo\phyo_server\node_modules\express\lib\router\index.js:265:14)
    at Function.handle (C:\full stack phyo\phyo_server\node_modules\express\lib\router\index.js:175:3)
    at router (C:\full stack phyo\phyo_server\node_modules\express\lib\router\index.js:47:12)
2026-03-20 12:52:15 [ERROR]: Error in GET /api/auth/influencers Not Found: /api/auth/influencers?limit=10 {"service":"phyo-api","statusCode":500,"url":"/api/auth/influencers?limit=10","method":"GET","ip":"::1","userId":"anonymous","body":{},"query":{"limit":"10"}}
Error: Not Found: /api/auth/influencers?limit=10
    at notFoundHandler (C:\full stack phyo\phyo_server\middleware\errorHandler.js:47:17)
    at Layer.handle [as handle_request] (C:\full stack phyo\phyo_server\node_modules\express\lib\router\layer.js:95:5)
    at trim_prefix (C:\full stack phyo\phyo_server\node_modules\express\lib\router\index.js:328:13)
    at C:\full stack phyo\phyo_server\node_modules\express\lib\router\index.js:286:9
    at Function.process_params (C:\full stack phyo\phyo_server\node_modules\express\lib\router\index.js:346:12)
    at next (C:\full stack phyo\phyo_server\node_modules\express\lib\router\index.js:280:10)
    at C:\full stack phyo\phyo_server\node_modules\express\lib\router\index.js:646:15
    at next (C:\full stack phyo\phyo_server\node_modules\express\lib\router\index.js:265:14)
    at Function.handle (C:\full stack phyo\phyo_server\node_modules\express\lib\router\index.js:175:3)
    at router (C:\full stack phyo\phyo_server\node_modules\express\lib\router\index.js:47:12)
2026-03-20 12:52:15 [ERROR]: Error in GET /api/auth/influencers Not Found: /api/auth/influencers?limit=10 {"service":"phyo-api","statusCode":500,"url":"/api/auth/influencers?limit=10","method":"GET","ip":"::1","userId":"anonymous","body":{},"query":{"limit":"10"}}
Error: Not Found: /api/auth/influencers?limit=10
    at notFoundHandler (C:\full stack phyo\phyo_server\middleware\errorHandler.js:47:17)
    at Layer.handle [as handle_request] (C:\full stack phyo\phyo_server\node_modules\express\lib\router\layer.js:95:5)
    at trim_prefix (C:\full stack phyo\phyo_server\node_modules\express\lib\router\index.js:328:13)
    at C:\full stack phyo\phyo_server\node_modules\express\lib\router\index.js:286:9
    at Function.process_params (C:\full stack phyo\phyo_server\node_modules\express\lib\router\index.js:346:12)
    at next (C:\full stack phyo\phyo_server\node_modules\express\lib\router\index.js:280:10)
    at C:\full stack phyo\phyo_server\node_modules\express\lib\router\index.js:646:15
    at next (C:\full stack phyo\phyo_server\node_modules\express\lib\router\index.js:265:14)
    at Function.handle (C:\full stack phyo\phyo_server\node_modules\express\lib\router\index.js:175:3)
    at router (C:\full stack phyo\phyo_server\node_modules\express\lib\router\index.js:47:12)
2026-03-20 12:52:17 [ERROR]: Error in GET /api/auth/influencers Not Found: /api/auth/influencers?limit=10 {"service":"phyo-api","statusCode":500,"url":"/api/auth/influencers?limit=10","method":"GET","ip":"::1","userId":"anonymous","body":{},"query":{"limit":"10"}}
Error: Not Found: /api/auth/influencers?limit=10
    at notFoundHandler (C:\full stack phyo\phyo_server\middleware\errorHandler.js:47:17)
    at Layer.handle [as handle_request] (C:\full stack phyo\phyo_server\node_modules\express\lib\router\layer.js:95:5)
    at trim_prefix (C:\full stack phyo\phyo_server\node_modules\express\lib\router\index.js:328:13)
    at C:\full stack phyo\phyo_server\node_modules\express\lib\router\index.js:286:9
    at Function.process_params (C:\full stack phyo\phyo_server\node_modules\express\lib\router\index.js:346:12)
    at next (C:\full stack phyo\phyo_server\node_modules\express\lib\router\index.js:280:10)
    at C:\full stack phyo\phyo_server\node_modules\express\lib\router\index.js:646:15
    at next (C:\full stack phyo\phyo_server\node_modules\express\lib\router\index.js:265:14)
    at Function.handle (C:\full stack phyo\phyo_server\node_modules\express\lib\router\index.js:175:3)
    at router (C:\full stack phyo\phyo_server\node_modules\express\lib\router\index.js:47:12)
2026-03-20 12:52:17 [ERROR]: Error in GET /api/auth/influencers Not Found: /api/auth/influencers?limit=10 {"service":"phyo-api","statusCode":500,"url":"/api/auth/influencers?limit=10","method":"GET","ip":"::1","userId":"anonymous","body":{},"query":{"limit":"10"}}
Error: Not Found: /api/auth/influencers?limit=10
    at notFoundHandler (C:\full stack phyo\phyo_server\middleware\errorHandler.js:47:17)
    at Layer.handle [as handle_request] (C:\full stack phyo\phyo_server\node_modules\express\lib\router\layer.js:95:5)
    at trim_prefix (C:\full stack phyo\phyo_server\node_modules\express\lib\router\index.js:328:13)
    at C:\full stack phyo\phyo_server\node_modules\express\lib\router\index.js:286:9
    at Function.process_params (C:\full stack phyo\phyo_server\node_modules\express\lib\router\index.js:346:12)
    at next (C:\full stack phyo\phyo_server\node_modules\express\lib\router\index.js:280:10)
    at C:\full stack phyo\phyo_server\node_modules\express\lib\router\index.js:646:15
    at next (C:\full stack phyo\phyo_server\node_modules\express\lib\router\index.js:265:14)
    at Function.handle (C:\full stack phyo\phyo_server\node_modules\express\lib\router\index.js:175:3)
    at router (C:\full stack phyo\phyo_server\node_modules\express\lib\router\index.js:47:12)
2026-03-20 12:52:17 [ERROR]: Error in GET /api/auth/influencers Not Found: /api/auth/influencers?limit=10 {"service":"phyo-api","statusCode":500,"url":"/api/auth/influencers?limit=10","method":"GET","ip":"::1","userId":"anonymous","body":{},"query":{"limit":"10"}}
Error: Not Found: /api/auth/influencers?limit=10
    at notFoundHandler (C:\full stack phyo\phyo_server\middleware\errorHandler.js:47:17)
    at Layer.handle [as handle_request] (C:\full stack phyo\phyo_server\node_modules\express\lib\router\layer.js:95:5)
    at trim_prefix (C:\full stack phyo\phyo_server\node_modules\express\lib\router\index.js:328:13)
    at C:\full stack phyo\phyo_server\node_modules\express\lib\router\index.js:286:9
    at Function.process_params (C:\full stack phyo\phyo_server\node_modules\express\lib\router\index.js:346:12)
    at next (C:\full stack phyo\phyo_server\node_modules\express\lib\router\index.js:280:10)
    at C:\full stack phyo\phyo_server\node_modules\express\lib\router\index.js:646:15
    at next (C:\full stack phyo\phyo_server\node_modules\express\lib\router\index.js:265:14)
    at Function.handle (C:\full stack phyo\phyo_server\node_modules\express\lib\router\index.js:175:3)
    at router (C:\full stack phyo\phyo_server\node_modules\express\lib\router\index.js:47:12)
2026-03-20 13:00:45 [ERROR]: Error in GET /api/conversation Not Found: /api/conversation {"service":"phyo-api","statusCode":500,"url":"/api/conversation","method":"GET","ip":"::1","userId":"anonymous","body":{},"query":{}}
Error: Not Found: /api/conversation
    at notFoundHandler (C:\full stack phyo\phyo_server\middleware\errorHandler.js:47:17)
    at Layer.handle [as handle_request] (C:\full stack phyo\phyo_server\node_modules\express\lib\router\layer.js:95:5)
    at trim_prefix (C:\full stack phyo\phyo_server\node_modules\express\lib\router\index.js:328:13)
    at C:\full stack phyo\phyo_server\node_modules\express\lib\router\index.js:286:9
    at Function.process_params (C:\full stack phyo\phyo_server\node_modules\express\lib\router\index.js:346:12)
    at next (C:\full stack phyo\phyo_server\node_modules\express\lib\router\index.js:280:10)
    at C:\full stack phyo\phyo_server\node_modules\express\lib\router\index.js:646:15
    at next (C:\full stack phyo\phyo_server\node_modules\express\lib\router\index.js:265:14)
    at Function.handle (C:\full stack phyo\phyo_server\node_modules\express\lib\router\index.js:175:3)
    at router (C:\full stack phyo\phyo_server\node_modules\express\lib\router\index.js:47:12)
2026-03-20 13:00:45 [ERROR]: Error in GET /api/conversation Not Found: /api/conversation {"service":"phyo-api","statusCode":500,"url":"/api/conversation","method":"GET","ip":"::1","userId":"anonymous","body":{},"query":{}}
Error: Not Found: /api/conversation
    at notFoundHandler (C:\full stack phyo\phyo_server\middleware\errorHandler.js:47:17)
    at Layer.handle [as handle_request] (C:\full stack phyo\phyo_server\node_modules\express\lib\router\layer.js:95:5)
    at trim_prefix (C:\full stack phyo\phyo_server\node_modules\express\lib\router\index.js:328:13)
    at C:\full stack phyo\phyo_server\node_modules\express\lib\router\index.js:286:9
    at Function.process_params (C:\full stack phyo\phyo_server\node_modules\express\lib\router\index.js:346:12)
    at next (C:\full stack phyo\phyo_server\node_modules\express\lib\router\index.js:280:10)
    at C:\full stack phyo\phyo_server\node_modules\express\lib\router\index.js:646:15
    at next (C:\full stack phyo\phyo_server\node_modules\express\lib\router\index.js:265:14)
    at Function.handle (C:\full stack phyo\phyo_server\node_modules\express\lib\router\index.js:175:3)
    at router (C:\full stack phyo\phyo_server\node_modules\express\lib\router\index.js:47:12)
2026-03-20 13:00:54 [ERROR]: Error in GET /api/conversation Not Found: /api/conversation {"service":"phyo-api","statusCode":500,"url":"/api/conversation","method":"GET","ip":"::1","userId":"anonymous","body":{},"query":{}}
Error: Not Found: /api/conversation
    at notFoundHandler (C:\full stack phyo\phyo_server\middleware\errorHandler.js:47:17)
    at Layer.handle [as handle_request] (C:\full stack phyo\phyo_server\node_modules\express\lib\router\layer.js:95:5)
    at trim_prefix (C:\full stack phyo\phyo_server\node_modules\express\lib\router\index.js:328:13)
    at C:\full stack phyo\phyo_server\node_modules\express\lib\router\index.js:286:9
    at Function.process_params (C:\full stack phyo\phyo_server\node_modules\express\lib\router\index.js:346:12)
    at next (C:\full stack phyo\phyo_server\node_modules\express\lib\router\index.js:280:10)
    at C:\full stack phyo\phyo_server\node_modules\express\lib\router\index.js:646:15
    at next (C:\full stack phyo\phyo_server\node_modules\express\lib\router\index.js:265:14)
    at Function.handle (C:\full stack phyo\phyo_server\node_modules\express\lib\router\index.js:175:3)
    at router (C:\full stack phyo\phyo_server\node_modules\express\lib\router\index.js:47:12)
2026-03-20 13:00:54 [ERROR]: Error in GET /api/conversation Not Found: /api/conversation {"service":"phyo-api","statusCode":500,"url":"/api/conversation","method":"GET","ip":"::1","userId":"anonymous","body":{},"query":{}}
Error: Not Found: /api/conversation
    at notFoundHandler (C:\full stack phyo\phyo_server\middleware\errorHandler.js:47:17)
    at Layer.handle [as handle_request] (C:\full stack phyo\phyo_server\node_modules\express\lib\router\layer.js:95:5)
    at trim_prefix (C:\full stack phyo\phyo_server\node_modules\express\lib\router\index.js:328:13)
    at C:\full stack phyo\phyo_server\node_modules\express\lib\router\index.js:286:9
    at Function.process_params (C:\full stack phyo\phyo_server\node_modules\express\lib\router\index.js:346:12)
    at next (C:\full stack phyo\phyo_server\node_modules\express\lib\router\index.js:280:10)
    at C:\full stack phyo\phyo_server\node_modules\express\lib\router\index.js:646:15
    at next (C:\full stack phyo\phyo_server\node_modules\express\lib\router\index.js:265:14)
    at Function.handle (C:\full stack phyo\phyo_server\node_modules\express\lib\router\index.js:175:3)
    at router (C:\full stack phyo\phyo_server\node_modules\express\lib\router\index.js:47:12)
